[0;97m [0;97m [0;94m[\n(1)]
[0;94m[\n(1)]
[0;97m [0;94m[\n(1)]
[0;94m[\n(1)]
[0;97m [0;93m#[0;96ma[0;96mq[0;96mu[0;96mi[0;96m [0;96mi[0;96mr[0;96ma[0;96mo[0;96m [0;96mo[0;96ms[0;96m [0;96md[0;96ma[0;96md[0;96mo[0;96ms[0;96m [0;96md[0;96mo[0;96m [0;96mp[0;96mr[0;96mo[0;96mg[0;96mr[0;96ma[0;96mm[0;96ma[0;94m[\n(1)]
[0;94m[\n(2)]
[0;97m	[0;97m [0;94m[\n(1)]
[0;97m	[0;94m[\n(1)]
[0;97m	[0;97m [0;97m [0;94m[\n(1)]
[0;94m[\n(2)]
[0;94m[\n(1)]
[0;94m[\n(2)]
[0;97m [0;94m[\n(1)]
[0;94m[\n(1)]
[0;97m [0;93m#[0;96ma[0;96mq[0;96mu[0;96mi[0;96m [0;96ms[0;96me[0;96mr[0;96ma[0;96mo[0;96m [0;96ma[0;96ms[0;96m [0;96mi[0;96mn[0;96mt[0;96mr[0;96mu[0;96mc[0;96mo[0;96me[0;96ms[0;94m[\n(1)]
[0;94m[\n(2)]
[0;97m [0;94m[\n(1)]
[0;94m[\n(1)]
[0;97m [0;94m[\n(1)]
[0;94m[\n(1)]
[0;97m [0;97m [0;94m[\n(1)]
[0;94m[\n(1)]
[0;97m [0;94m[\n(1)]
[0;94m[\n(1)]
[0;94m[\n(1)]
[0;94m[\n(1)]
[0;97m [0;97m [0;93m#[0;96m [0;96mm[0;96mu[0;96md[0;96ma[0;96mn[0;96md[0;96mo[0;96m [0;96mo[0;96m [0;96mv[0;96ma[0;96ml[0;96mo[0;96mr[0;96m [0;96md[0;96mo[0;96m [0;96me[0;96mn[0;96md[0;96me[0;96mr[0;96me[0;96mc[0;96mo[0;94m[\n(1)]
[0;94m[\n(2)]
[0;97m [0;93m#[0;96m [0;96mm[0;96mu[0;96md[0;96ma[0;96mn[0;96md[0;96mo[0;96m [0;96mo[0;96m [0;96mv[0;96ma[0;96ml[0;96mo[0;96mr[0;96m [0;96md[0;96mo[0;96m [0;96me[0;96mn[0;96md[0;96me[0;96mr[0;96me[0;96mc[0;96mo[0;94m[\n(1)]
[0;94m[\n(2)]
[0;97m [0;94m[\n(1)]
[0;94m[\n(1)]
[0;97m [0;97m [0;93m#[0;96m [0;96mr[0;96me[0;96ms[0;96mp[0;96mo[0;96ms[0;96mt[0;96ma[0;96m [0;96md[0;96ma[0;96m [0;96mv[0;96mi[0;96md[0;96ma[0;96m [0;96md[0;96mo[0;96m [0;96mu[0;96mn[0;96mi[0;96mv[0;96me[0;96mr[0;96ms[0;96mo[0;96m [0;96me[0;96m [0;96mt[0;96mu[0;96md[0;96mo[0;96m [0;96mm[0;96ma[0;96mi[0;96ms[0;94m[\n(1)]
[0;94m[\n(2)]
[0;97m [0;93m#[0;96m [0;96mr[0;96me[0;96ms[0;96mp[0;96mo[0;96ms[0;96mt[0;96ma[0;96m [0;96md[0;96ma[0;96m [0;96mv[0;96mi[0;96md[0;96ma[0;96m [0;96md[0;96mo[0;96m [0;96mu[0;96mn[0;96mi[0;96mv[0;96me[0;96mr[0;96ms[0;96mo[0;96m [0;96me[0;96m [0;96mt[0;96mu[0;96md[0;96mo[0;96m [0;96mm[0;96ma[0;96mi[0;96ms[0;94m[\n(1)]
[0;94m[\n(2)]
[0;97m [0;97m [0;94m[\n(1)]
[0;94m[\n(1)]
[0;97m [0;94m[\n(1)]
[0;94m[\n(1)]
[0;97m [0;93m#[0;96ma[0;96mq[0;96mu[0;96mi[0;96m [0;96mi[0;96mr[0;96ma[0;96mo[0;96m [0;96mo[0;96ms[0;96m [0;96md[0;96ma[0;96md[0;96mo[0;96ms[0;96m [0;96md[0;96mo[0;96m [0;96mp[0;96mr[0;96mo[0;96mg[0;96mr[0;96ma[0;96mm[0;96ma[0;94m[\n(1)]
[0;94m[\n(2)]
[0;97m	[0;97m [0;94m[\n(1)]
[0;97m	[0;94m[\n(1)]
[0;97m	[0;97m [0;97m [0;94m[\n(1)]
[0;94m[\n(2)]
[0;94m[\n(1)]
[0;94m[\n(2)]
[0;97m [0;94m[\n(1)]
[0;94m[\n(1)]
[0;97m [0;93m#[0;96ma[0;96mq[0;96mu[0;96mi[0;96m [0;96ms[0;96me[0;96mr[0;96ma[0;96mo[0;96m [0;96ma[0;96ms[0;96m [0;96mi[0;96mn[0;96mt[0;96mr[0;96mu[0;96mc[0;96mo[0;96me[0;96ms[0;94m[\n(1)]
[0;94m[\n(2)]
[0;97m [0;94m[\n(1)]
[0;94m[\n(1)]
[0;97m [0;94m[\n(1)]
[0;94m[\n(1)]
[0;97m [0;97m [0;94m[\n(1)]
[0;94m[\n(1)]
[0;97m [0;94m[\n(1)]
[0;94m[\n(1)]
[0;94m[\n(1)]
[0;94m[\n(1)]
[0;97m [0;97m [0;93m#[0;96m [0;96mm[0;96mu[0;96md[0;96ma[0;96mn[0;96md[0;96mo[0;96m [0;96mo[0;96m [0;96mv[0;96ma[0;96ml[0;96mo[0;96mr[0;96m [0;96md[0;96mo[0;96m [0;96me[0;96mn[0;96md[0;96me[0;96mr[0;96me[0;96mc[0;96mo[0;94m[\n(1)]
[0;94m[\n(2)]
[0;97m [0;93m#[0;96m [0;96mm[0;96mu[0;96md[0;96ma[0;96mn[0;96md[0;96mo[0;96m [0;96mo[0;96m [0;96mv[0;96ma[0;96ml[0;96mo[0;96mr[0;96m [0;96md[0;96mo[0;96m [0;96me[0;96mn[0;96md[0;96me[0;96mr[0;96me[0;96mc[0;96mo[0;94m[\n(1)]
[0;94m[\n(2)]
[0;97m [0;94m[\n(1)]
[0;94m[\n(1)]
[0;97m [0;97m [0;93m#[0;96m [0;96mr[0;96me[0;96ms[0;96mp[0;96mo[0;96ms[0;96mt[0;96ma[0;96m [0;96md[0;96ma[0;96m [0;96mv[0;96mi[0;96md[0;96ma[0;96m [0;96md[0;96mo[0;96m [0;96mu[0;96mn[0;96mi[0;96mv[0;96me[0;96mr[0;96ms[0;96mo[0;96m [0;96me[0;96m [0;96mt[0;96mu[0;96md[0;96mo[0;96m [0;96mm[0;96ma[0;96mi[0;96ms[0;94m[\n(1)]
[0;94m[\n(2)]
[0;97m [0;93m#[0;96m [0;96mr[0;96me[0;96ms[0;96mp[0;96mo[0;96ms[0;96mt[0;96ma[0;96m [0;96md[0;96ma[0;96m [0;96mv[0;96mi[0;96md[0;96ma[0;96m [0;96md[0;96mo[0;96m [0;96mu[0;96mn[0;96mi[0;96mv[0;96me[0;96mr[0;96ms[0;96mo[0;96m [0;96me[0;96m [0;96mt[0;96mu[0;96md[0;96mo[0;96m [0;96mm[0;96ma[0;96mi[0;96ms[0;94m[\n(1)]
[0;94m[\n(2)]
